2025-02-16T05:00:44.891Z [info]: Bot started successfully
2025-02-16T05:04:04.902Z [info]: Bot started successfully
2025-02-16T05:04:05.775Z [info]: Logged in as McRoberts Scholars Bot#1433
2025-02-16T05:05:07.768Z [info]: Processed scholarship info for URL: https://www.confidentwriters.com/scholarship-essay-contest/
2025-02-16T05:05:08.198Z [error]: Error inserting scholarship: Could not find the 'title' column of 'scholarships' in the schema cache
2025-02-16T05:05:08.199Z [error]: Error processing message: Could not find the 'title' column of 'scholarships' in the schema cache
2025-02-16T05:09:50.824Z [info]: Bot started successfully
2025-02-16T05:09:51.556Z [info]: Logged in as McRoberts Scholars Bot#1433
2025-02-16T05:09:59.415Z [info]: Processed scholarship info for URL: https://www.confidentwriters.com/scholarship-essay-contest/
2025-02-16T05:09:59.840Z [info]: Inserted scholarship: undefined
2025-02-16T05:09:59.841Z [info]: Processed and inserted scholarship from URL: https://www.confidentwriters.com/scholarship-essay-contest/
2025-02-16T05:18:15.537Z [info]: Bot started successfully
2025-02-16T05:18:16.137Z [info]: Logged in as McRoberts Scholars Bot#1433
2025-02-16T05:18:49.710Z [info]: Processed scholarship info for URL: https://www.optimist.org/Essay
2025-02-16T05:18:49.711Z [error]: Error processing scholarship info: Unexpected token 'S', "Sure, I ca"... is not valid JSON
2025-02-16T05:18:49.711Z [error]: Error processing message: Unexpected token 'S', "Sure, I ca"... is not valid JSON
2025-02-16T05:19:29.097Z [info]: Bot started successfully
2025-02-16T05:19:29.765Z [info]: Logged in as McRoberts Scholars Bot#1433
2025-02-16T05:19:36.228Z [info]: Processed scholarship info for URL: https://www.optimist.org/Essay
2025-02-16T05:19:36.228Z [error]: Error processing scholarship info: Unexpected token '`', "```json
{
"... is not valid JSON
2025-02-16T05:19:36.229Z [error]: Error processing message: Unexpected token '`', "```json
{
"... is not valid JSON
2025-02-16T05:20:10.321Z [info]: Bot started successfully
2025-02-16T05:20:11.030Z [info]: Logged in as McRoberts Scholars Bot#1433
2025-02-16T05:20:14.926Z [info]: Processed scholarship info for URL: https://www.optimist.org/Essay
2025-02-16T05:20:15.363Z [info]: Inserted scholarship: undefined
2025-02-16T05:20:15.364Z [info]: Processed and inserted scholarship from URL: https://www.optimist.org/Essay
2025-02-16T05:28:20.010Z [info]: Bot started successfully
2025-02-16T05:28:20.477Z [info]: Retrieved 1 scholarships
2025-02-16T05:28:20.664Z [info]: Logged in as McRoberts Scholars Bot#1433
2025-02-16T05:38:26.208Z [info]: Retrieved 1 scholarships
